Base path: C:/Program Files/Unity/Editor/Data
Pipe name: \\.\pipe\UnityShaderCompiler-32bit-1-9
Cmd: getPlatforms
Cmd: compileSnippet
  api=1 type=0 insize=797 outsize=878 kw=SHADOWS_DEPTH pd= ok=1
Cmd: compileSnippet
  api=1 type=1 insize=797 outsize=156 kw=SHADOWS_DEPTH pd= ok=1
Cmd: compileSnippet
  api=1 type=0 insize=118661 outsize=2681 kw=DIRECTIONAL SHADOWS_OFF LIGHTMAP_OFF DIRLIGHTMAP_OFF DYNAMICLIGHTMAP_OFF EFFECT_BUMP EFFECT_HUE_VARIATION pd= ok=1
Cmd: compileSnippet
  api=1 type=1 insize=118661 outsize=955 kw=DIRECTIONAL SHADOWS_OFF LIGHTMAP_OFF DIRLIGHTMAP_OFF DYNAMICLIGHTMAP_OFF EFFECT_BUMP EFFECT_HUE_VARIATION pd= ok=1
Cmd: compileSnippet
  api=1 type=0 insize=75205 outsize=2555 kw=DIRECTIONAL EFFECT_BUMP EFFECT_HUE_VARIATION pd= ok=1
Cmd: compileSnippet
  api=1 type=1 insize=75205 outsize=813 kw=DIRECTIONAL EFFECT_BUMP EFFECT_HUE_VARIATION pd= ok=1
Cmd: compileSnippet
  api=1 type=0 insize=118661 outsize=2830 kw=DIRECTIONAL SHADOWS_SCREEN LIGHTMAP_OFF DIRLIGHTMAP_OFF DYNAMICLIGHTMAP_OFF EFFECT_BUMP EFFECT_HUE_VARIATION pd= ok=1
Cmd: compileSnippet
  api=1 type=1 insize=118661 outsize=1021 kw=DIRECTIONAL SHADOWS_SCREEN LIGHTMAP_OFF DIRLIGHTMAP_OFF DYNAMICLIGHTMAP_OFF EFFECT_BUMP EFFECT_HUE_VARIATION pd= ok=1
Cmd: compileSnippet
  api=1 type=0 insize=6924 outsize=708 kw=DIRECTIONAL SHADOWS_SCREEN LIGHTMAP_OFF DIRLIGHTMAP_OFF DYNAMICLIGHTMAP_OFF pd= ok=1
Cmd: compileSnippet
  api=1 type=1 insize=6924 outsize=328 kw=DIRECTIONAL SHADOWS_SCREEN LIGHTMAP_OFF DIRLIGHTMAP_OFF DYNAMICLIGHTMAP_OFF pd= ok=1
